  Board.cpp
C:\Users\David\source\repos\Circuit\Circuit\Board.cpp(15,73): warning C4244: 'argument': conversion from 'int' to 'T', possible loss of data
          with
          [
              T=float
          ]
C:\Users\David\source\repos\Circuit\Circuit\Board.cpp(15,55): warning C4244: 'argument': conversion from 'int' to 'T', possible loss of data
          with
          [
              T=float
          ]
  Component.cpp
  main.cpp
C:\Users\David\source\repos\Circuit\Circuit\main.cpp(37,79): warning C4244: 'argument': conversion from 'int' to 'T', possible loss of data
          with
          [
              T=float
          ]
C:\Users\David\source\repos\Circuit\Circuit\main.cpp(37,58): warning C4244: 'argument': conversion from 'int' to 'T', possible loss of data
          with
          [
              T=float
          ]
  PinnedComponent.cpp
  Wire.cpp
  Generating code
  Previous IPDB not found, fall back to full compilation.
  All 200 functions were compiled because no usable IPDB/IOBJ from previous compilation was found.
  Finished generating code
  Circuit.vcxproj -> C:\Users\David\source\repos\Circuit\Release\Circuit.exe
