  ANDGate.cpp
C:\Users\David\source\repos\Circuit\Circuit\ANDGate.cpp(6,61): warning C4244: 'argument': conversion from 'int' to 'T', possible loss of data
          with
          [
              T=float
          ]
C:\Users\David\source\repos\Circuit\Circuit\ANDGate.cpp(6,39): warning C4244: 'argument': conversion from 'int' to 'T', possible loss of data
          with
          [
              T=float
          ]
C:\Users\David\source\repos\Circuit\Circuit\ANDGate.cpp(7,61): warning C4244: 'argument': conversion from 'int' to 'T', possible loss of data
          with
          [
              T=float
          ]
C:\Users\David\source\repos\Circuit\Circuit\ANDGate.cpp(7,39): warning C4244: 'argument': conversion from 'int' to 'T', possible loss of data
          with
          [
              T=float
          ]
  Circuit.vcxproj -> C:\Users\David\source\repos\Circuit\Debug\Circuit.exe
